[18:11:03] [ServerMain/INFO]: Environment: Environment[sessionHost=https://sessionserver.mojang.com, servicesHost=https://api.minecraftservices.com, name=PROD]
[18:11:08] [ServerMain/INFO]: Loaded 7 recipes
[18:11:10] [Server thread/INFO]: Starting minecraft server version 1.20.4
[18:11:10] [Server thread/INFO]: Loading properties
[18:11:10] [Server thread/INFO]: Default game type: SURVIVAL
[18:11:10] [Server thread/INFO]: Generating keypair
[18:11:11] [Server thread/INFO]: Starting Minecraft server on *:25565
[18:11:11] [Server thread/INFO]: Using default channel type
[18:11:11] [Server thread/INFO]: This server is running CraftBukkit version 4090-Bukkit-38b1f49 (MC: 1.20.4) (Implementing API version 1.20.4-R0.1-SNAPSHOT)
[18:11:13] [Server thread/WARN]: **** SERVER IS RUNNING IN OFFLINE/INSECURE MODE!
[18:11:13] [Server thread/WARN]: The server will make no attempt to authenticate usernames. Beware.
[18:11:13] [Server thread/WARN]: While this makes the game possible to play without internet access, it also opens up the ability for hackers to connect with any username they choose.
[18:11:13] [Server thread/WARN]: To change this, set "online-mode" to "true" in the server.properties file.
[18:11:13] [Server thread/INFO]: Preparing level "greve"
[18:11:20] [Server thread/INFO]: Preparing start region for dimension minecraft:overworld
[18:11:27] [Worker-Main-1/INFO]: Preparing spawn area: 0%
[18:11:27] [Worker-Main-2/INFO]: Preparing spawn area: 0%
[18:11:27] [Worker-Main-3/INFO]: Preparing spawn area: 0%
[18:11:27] [Worker-Main-3/INFO]: Preparing spawn area: 0%
[18:11:27] [Worker-Main-3/INFO]: Preparing spawn area: 0%
[18:11:27] [Worker-Main-2/INFO]: Preparing spawn area: 0%
[18:11:27] [Worker-Main-2/INFO]: Preparing spawn area: 0%
[18:11:27] [Worker-Main-2/INFO]: Preparing spawn area: 0%
[18:11:27] [Worker-Main-2/INFO]: Preparing spawn area: 0%
[18:11:27] [Worker-Main-2/INFO]: Preparing spawn area: 0%
[18:11:27] [Worker-Main-2/INFO]: Preparing spawn area: 0%
[18:11:27] [Worker-Main-3/INFO]: Preparing spawn area: 0%
[18:11:28] [Worker-Main-1/INFO]: Preparing spawn area: 0%
[18:11:28] [Worker-Main-1/INFO]: Preparing spawn area: 0%
[18:11:28] [Worker-Main-1/INFO]: Preparing spawn area: 0%
[18:11:28] [Worker-Main-3/INFO]: Preparing spawn area: 0%
[18:11:28] [Worker-Main-1/INFO]: Preparing spawn area: 0%
[18:11:29] [Worker-Main-1/INFO]: Preparing spawn area: 0%
[18:11:29] [Worker-Main-3/INFO]: Preparing spawn area: 0%
[18:11:30] [Worker-Main-2/INFO]: Preparing spawn area: 8%
[18:11:30] [Worker-Main-3/INFO]: Preparing spawn area: 19%
[18:11:31] [Worker-Main-2/INFO]: Preparing spawn area: 35%
[18:11:31] [Server thread/INFO]: Time elapsed: 11130 ms
[18:11:32] [Server thread/INFO]: Preparing start region for dimension minecraft:the_nether
[18:11:35] [Worker-Main-1/INFO]: Preparing spawn area: 0%
[18:11:35] [Worker-Main-2/INFO]: Preparing spawn area: 0%
[18:11:35] [Worker-Main-2/INFO]: Preparing spawn area: 0%
[18:11:35] [Worker-Main-2/INFO]: Preparing spawn area: 0%
[18:11:35] [Worker-Main-1/INFO]: Preparing spawn area: 0%
[18:11:35] [Worker-Main-2/INFO]: Preparing spawn area: 0%
[18:11:35] [Worker-Main-2/INFO]: Preparing spawn area: 0%
[18:11:35] [Worker-Main-1/INFO]: Preparing spawn area: 0%
[18:11:36] [Worker-Main-3/INFO]: Preparing spawn area: 0%
[18:11:36] [Worker-Main-2/INFO]: Preparing spawn area: 0%
[18:11:37] [Worker-Main-3/INFO]: Preparing spawn area: 0%
[18:11:37] [Worker-Main-2/INFO]: Preparing spawn area: 3%
[18:11:38] [Worker-Main-3/INFO]: Preparing spawn area: 5%
[18:11:38] [Worker-Main-3/INFO]: Preparing spawn area: 7%
[18:11:39] [Worker-Main-2/INFO]: Preparing spawn area: 11%
[18:11:39] [Worker-Main-3/INFO]: Preparing spawn area: 14%
[18:11:40] [Worker-Main-2/INFO]: Preparing spawn area: 73%
[18:11:40] [Server thread/INFO]: Time elapsed: 8266 ms
[18:11:40] [Server thread/INFO]: Preparing start region for dimension minecraft:the_end
[18:11:43] [Worker-Main-3/INFO]: Preparing spawn area: 0%
[18:11:43] [Worker-Main-3/INFO]: Preparing spawn area: 0%
[18:11:43] [Worker-Main-3/INFO]: Preparing spawn area: 0%
[18:11:43] [Worker-Main-3/INFO]: Preparing spawn area: 0%
[18:11:43] [Worker-Main-3/INFO]: Preparing spawn area: 0%
[18:11:43] [Worker-Main-2/INFO]: Preparing spawn area: 0%
[18:11:43] [Worker-Main-1/INFO]: Preparing spawn area: 0%
[18:11:43] [Worker-Main-2/INFO]: Preparing spawn area: 0%
[18:11:44] [Worker-Main-2/INFO]: Preparing spawn area: 0%
[18:11:44] [Worker-Main-1/INFO]: Preparing spawn area: 0%
[18:11:45] [Worker-Main-3/INFO]: Preparing spawn area: 0%
[18:11:45] [Worker-Main-3/INFO]: Preparing spawn area: 1%
[18:11:46] [Worker-Main-1/INFO]: Preparing spawn area: 36%
[18:11:46] [Server thread/INFO]: Time elapsed: 6460 ms
[18:11:46] [Server thread/INFO]: Server permissions file permissions.yml is empty, ignoring it
[18:11:46] [Server thread/INFO]: Done (33.170s)! For help, type "help"
[18:13:56] [User Authenticator #1/INFO]: UUID of player EloyCatao is 104a6702-c783-36da-9243-e436158c79a8
[18:13:57] [Server thread/INFO]: EloyCatao joined the game
[18:13:57] [Server thread/INFO]: EloyCatao[/192.168.15.10:63458] logged in with entity id 158 at ([greve]-6.5, 97.0, 5.5)
[18:14:07] [Server thread/WARN]: Can't keep up! Is the server overloaded? Running 2570ms or 51 ticks behind
[18:14:18] [Server thread/INFO]: EloyCatao lost connection: Disconnected
[18:14:18] [Server thread/INFO]: EloyCatao left the game
[18:17:34] [User Authenticator #2/INFO]: UUID of player EloyCatao is 104a6702-c783-36da-9243-e436158c79a8
[18:17:35] [Server thread/INFO]: EloyCatao joined the game
[18:17:35] [Server thread/INFO]: EloyCatao[/192.168.15.10:49536] logged in with entity id 341 at ([greve]10.966390590384224, 117.0, 15.785209758845287)
[18:18:59] [Server thread/INFO]: EloyCatao lost connection: Disconnected
[18:18:59] [Server thread/INFO]: EloyCatao left the game
[18:19:23] [Server thread/INFO]: Stopping the server
[18:19:23] [Server thread/INFO]: Stopping server
[18:19:23] [Server thread/INFO]: Saving players
[18:19:23] [Server thread/INFO]: Saving worlds
[18:19:31] [Server thread/INFO]: Saving chunks for level 'ServerLevel[greve]'/minecraft:overworld
[18:19:39] [Server thread/INFO]: Saving chunks for level 'ServerLevel[greve_nether]'/minecraft:the_nether
[18:19:39] [Server thread/INFO]: Saving chunks for level 'ServerLevel[greve_the_end]'/minecraft:the_end
[18:19:39] [Server thread/INFO]: ThreadedAnvilChunkStorage (greve): All chunks are saved
[18:19:39] [Server thread/INFO]: ThreadedAnvilChunkStorage (DIM-1): All chunks are saved
[18:19:39] [Server thread/INFO]: ThreadedAnvilChunkStorage (DIM1): All chunks are saved
[18:19:39] [Server thread/INFO]: ThreadedAnvilChunkStorage: All dimensions are saved
